name: run
run_id: install_deps
env HOME: /home/ubuntu
env LANG: C.UTF-8
env TERM: xterm-256color
env PATH: /home/ubuntu/Talleres_Desarrollo_Soluciones_MAIA/bankchurn-api/.tox/test_app/bin:/home/ubuntu/env-api/bin:/usr/local/sbin:/usr/local/bin:/usr/sbin:/usr/bin:/sbin:/bin:/usr/games:/usr/local/games:/snap/bin
env PYTHONHASHSEED: 1746347118
env PIP_DISABLE_PIP_VERSION_CHECK: 1
env PYTHONIOENCODING: utf-8
env PYTHONPATH: .
env TOX_ENV_NAME: run
env TOX_WORK_DIR: /home/ubuntu/Talleres_Desarrollo_Soluciones_MAIA/bankchurn-api/.tox
env TOX_ENV_DIR: /home/ubuntu/Talleres_Desarrollo_Soluciones_MAIA/bankchurn-api/.tox/test_app
env VIRTUAL_ENV: /home/ubuntu/Talleres_Desarrollo_Soluciones_MAIA/bankchurn-api/.tox/test_app
env COLUMNS: 125
env LINES: 51
metadata pid: 1608
cwd: /home/ubuntu/Talleres_Desarrollo_Soluciones_MAIA/bankchurn-api
allow: /home/ubuntu/Talleres_Desarrollo_Soluciones_MAIA/bankchurn-api/.tox/test_app/bin/*
cmd: pip install -r test_requirements.txt
exit_code: 0
Processing ./model-pkg/model_abandono-0.0.2-py3-none-any.whl (from -r /home/ubuntu/Talleres_Desarrollo_Soluciones_MAIA/bankchurn-api/requirements.txt (line 1))
Collecting uvicorn<0.30.0,>=0.20.0 (from -r /home/ubuntu/Talleres_Desarrollo_Soluciones_MAIA/bankchurn-api/requirements.txt (line 2))
  Using cached uvicorn-0.29.0-py3-none-any.whl.metadata (6.3 kB)
Collecting fastapi<1.0.0,>=0.88.0 (from -r /home/ubuntu/Talleres_Desarrollo_Soluciones_MAIA/bankchurn-api/requirements.txt (line 3))
  Using cached fastapi-0.115.8-py3-none-any.whl.metadata (27 kB)
Collecting python-multipart<0.1.0,>=0.0.5 (from -r /home/ubuntu/Talleres_Desarrollo_Soluciones_MAIA/bankchurn-api/requirements.txt (line 4))
  Using cached python_multipart-0.0.20-py3-none-any.whl.metadata (1.8 kB)
Collecting typing_extensions<5.0.0,>=4.2.0 (from -r /home/ubuntu/Talleres_Desarrollo_Soluciones_MAIA/bankchurn-api/requirements.txt (line 5))
  Using cached typing_extensions-4.12.2-py3-none-any.whl.metadata (3.0 kB)
Collecting loguru<1.0.0,>=0.5.3 (from -r /home/ubuntu/Talleres_Desarrollo_Soluciones_MAIA/bankchurn-api/requirements.txt (line 6))
  Using cached loguru-0.7.3-py3-none-any.whl.metadata (22 kB)
Collecting pydantic<2.0.0,>=1.10.0 (from -r /home/ubuntu/Talleres_Desarrollo_Soluciones_MAIA/bankchurn-api/requirements.txt (line 7))
  Using cached pydantic-1.10.21-cp312-cp312-manylinux_2_17_x86_64.manylinux2014_x86_64.whl.metadata (153 kB)
Collecting pytest<8.0.0,>=7.2.0 (from -r test_requirements.txt (line 4))
  Using cached pytest-7.4.4-py3-none-any.whl.metadata (7.9 kB)
Collecting requests<2.50.0,>=2.28.0 (from -r test_requirements.txt (line 5))
  Using cached requests-2.32.3-py3-none-any.whl.metadata (4.6 kB)
Collecting httpx<0.50.0,>=0.23.2 (from -r test_requirements.txt (line 6))
  Using cached httpx-0.28.1-py3-none-any.whl.metadata (7.1 kB)
Collecting numpy<2.0.0,>=1.23.0 (from model-abandono==0.0.2->-r /home/ubuntu/Talleres_Desarrollo_Soluciones_MAIA/bankchurn-api/requirements.txt (line 1))
  Using cached numpy-1.26.4-cp312-cp312-manylinux_2_17_x86_64.manylinux2014_x86_64.whl.metadata (61 kB)
Collecting pandas<3.0.0,>=2.0.0 (from model-abandono==0.0.2->-r /home/ubuntu/Talleres_Desarrollo_Soluciones_MAIA/bankchurn-api/requirements.txt (line 1))
  Using cached pandas-2.2.3-cp312-cp312-manylinux_2_17_x86_64.manylinux2014_x86_64.whl.metadata (89 kB)
Collecting scikit-learn<1.3.3,>=1.3.2 (from model-abandono==0.0.2->-r /home/ubuntu/Talleres_Desarrollo_Soluciones_MAIA/bankchurn-api/requirements.txt (line 1))
  Using cached scikit_learn-1.3.2-cp312-cp312-manylinux_2_17_x86_64.manylinux2014_x86_64.whl.metadata (11 kB)
Collecting joblib<2.0.0,>=1.1.0 (from model-abandono==0.0.2->-r /home/ubuntu/Talleres_Desarrollo_Soluciones_MAIA/bankchurn-api/requirements.txt (line 1))
  Using cached joblib-1.4.2-py3-none-any.whl.metadata (5.4 kB)
Collecting strictyaml<2.0.0,>=1.7.0 (from model-abandono==0.0.2->-r /home/ubuntu/Talleres_Desarrollo_Soluciones_MAIA/bankchurn-api/requirements.txt (line 1))
  Using cached strictyaml-1.7.3-py3-none-any.whl.metadata (11 kB)
Collecting feature-engine<2.0.0,>=1.6.1 (from model-abandono==0.0.2->-r /home/ubuntu/Talleres_Desarrollo_Soluciones_MAIA/bankchurn-api/requirements.txt (line 1))
  Using cached feature_engine-1.8.3-py2.py3-none-any.whl.metadata (9.9 kB)
Collecting click>=7.0 (from uvicorn<0.30.0,>=0.20.0->-r /home/ubuntu/Talleres_Desarrollo_Soluciones_MAIA/bankchurn-api/requirements.txt (line 2))
  Using cached click-8.1.8-py3-none-any.whl.metadata (2.3 kB)
Collecting h11>=0.8 (from uvicorn<0.30.0,>=0.20.0->-r /home/ubuntu/Talleres_Desarrollo_Soluciones_MAIA/bankchurn-api/requirements.txt (line 2))
  Using cached h11-0.14.0-py3-none-any.whl.metadata (8.2 kB)
Collecting starlette<0.46.0,>=0.40.0 (from fastapi<1.0.0,>=0.88.0->-r /home/ubuntu/Talleres_Desarrollo_Soluciones_MAIA/bankchurn-api/requirements.txt (line 3))
  Using cached starlette-0.45.3-py3-none-any.whl.metadata (6.3 kB)
Collecting iniconfig (from pytest<8.0.0,>=7.2.0->-r test_requirements.txt (line 4))
  Using cached iniconfig-2.0.0-py3-none-any.whl.metadata (2.6 kB)
Collecting packaging (from pytest<8.0.0,>=7.2.0->-r test_requirements.txt (line 4))
  Using cached packaging-24.2-py3-none-any.whl.metadata (3.2 kB)
Collecting pluggy<2.0,>=0.12 (from pytest<8.0.0,>=7.2.0->-r test_requirements.txt (line 4))
  Using cached pluggy-1.5.0-py3-none-any.whl.metadata (4.8 kB)
Collecting charset-normalizer<4,>=2 (from requests<2.50.0,>=2.28.0->-r test_requirements.txt (line 5))
  Using cached charset_normalizer-3.4.1-cp312-cp312-manylinux_2_17_x86_64.manylinux2014_x86_64.whl.metadata (35 kB)
Collecting idna<4,>=2.5 (from requests<2.50.0,>=2.28.0->-r test_requirements.txt (line 5))
  Using cached idna-3.10-py3-none-any.whl.metadata (10 kB)
Collecting urllib3<3,>=1.21.1 (from requests<2.50.0,>=2.28.0->-r test_requirements.txt (line 5))
  Using cached urllib3-2.3.0-py3-none-any.whl.metadata (6.5 kB)
Collecting certifi>=2017.4.17 (from requests<2.50.0,>=2.28.0->-r test_requirements.txt (line 5))
  Using cached certifi-2025.1.31-py3-none-any.whl.metadata (2.5 kB)
Collecting anyio (from httpx<0.50.0,>=0.23.2->-r test_requirements.txt (line 6))
  Using cached anyio-4.8.0-py3-none-any.whl.metadata (4.6 kB)
Collecting httpcore==1.* (from httpx<0.50.0,>=0.23.2->-r test_requirements.txt (line 6))
  Using cached httpcore-1.0.7-py3-none-any.whl.metadata (21 kB)
INFO: pip is looking at multiple versions of feature-engine to determine which version is compatible with other requirements. This could take a while.
Collecting feature-engine<2.0.0,>=1.6.1 (from model-abandono==0.0.2->-r /home/ubuntu/Talleres_Desarrollo_Soluciones_MAIA/bankchurn-api/requirements.txt (line 1))
  Using cached feature_engine-1.8.2-py2.py3-none-any.whl.metadata (9.9 kB)
  Using cached feature_engine-1.8.1-py2.py3-none-any.whl.metadata (9.8 kB)
  Using cached feature_engine-1.8.0-py2.py3-none-any.whl.metadata (9.8 kB)
  Using cached feature_engine-1.7.0-py2.py3-none-any.whl.metadata (9.8 kB)
  Using cached feature_engine-1.6.2-py2.py3-none-any.whl.metadata (8.8 kB)
Collecting scipy>=1.4.1 (from feature-engine<2.0.0,>=1.6.1->model-abandono==0.0.2->-r /home/ubuntu/Talleres_Desarrollo_Soluciones_MAIA/bankchurn-api/requirements.txt (line 1))
  Using cached scipy-1.15.2-cp312-cp312-manylinux_2_17_x86_64.manylinux2014_x86_64.whl.metadata (61 kB)
Collecting statsmodels>=0.11.1 (from feature-engine<2.0.0,>=1.6.1->model-abandono==0.0.2->-r /home/ubuntu/Talleres_Desarrollo_Soluciones_MAIA/bankchurn-api/requirements.txt (line 1))
  Using cached statsmodels-0.14.4-cp312-cp312-manylinux_2_17_x86_64.manylinux2014_x86_64.whl.metadata (9.2 kB)
Collecting python-dateutil>=2.8.2 (from pandas<3.0.0,>=2.0.0->model-abandono==0.0.2->-r /home/ubuntu/Talleres_Desarrollo_Soluciones_MAIA/bankchurn-api/requirements.txt (line 1))
  Using cached python_dateutil-2.9.0.post0-py2.py3-none-any.whl.metadata (8.4 kB)
Collecting pytz>=2020.1 (from pandas<3.0.0,>=2.0.0->model-abandono==0.0.2->-r /home/ubuntu/Talleres_Desarrollo_Soluciones_MAIA/bankchurn-api/requirements.txt (line 1))
  Using cached pytz-2025.1-py2.py3-none-any.whl.metadata (22 kB)
Collecting tzdata>=2022.7 (from pandas<3.0.0,>=2.0.0->model-abandono==0.0.2->-r /home/ubuntu/Talleres_Desarrollo_Soluciones_MAIA/bankchurn-api/requirements.txt (line 1))
  Using cached tzdata-2025.1-py2.py3-none-any.whl.metadata (1.4 kB)
Collecting threadpoolctl>=2.0.0 (from scikit-learn<1.3.3,>=1.3.2->model-abandono==0.0.2->-r /home/ubuntu/Talleres_Desarrollo_Soluciones_MAIA/bankchurn-api/requirements.txt (line 1))
  Using cached threadpoolctl-3.5.0-py3-none-any.whl.metadata (13 kB)
Collecting sniffio>=1.1 (from anyio->httpx<0.50.0,>=0.23.2->-r test_requirements.txt (line 6))
  Using cached sniffio-1.3.1-py3-none-any.whl.metadata (3.9 kB)
Collecting six>=1.5 (from python-dateutil>=2.8.2->pandas<3.0.0,>=2.0.0->model-abandono==0.0.2->-r /home/ubuntu/Talleres_Desarrollo_Soluciones_MAIA/bankchurn-api/requirements.txt (line 1))
  Using cached six-1.17.0-py2.py3-none-any.whl.metadata (1.7 kB)
Collecting patsy>=0.5.6 (from statsmodels>=0.11.1->feature-engine<2.0.0,>=1.6.1->model-abandono==0.0.2->-r /home/ubuntu/Talleres_Desarrollo_Soluciones_MAIA/bankchurn-api/requirements.txt (line 1))
  Using cached patsy-1.0.1-py2.py3-none-any.whl.metadata (3.3 kB)
Using cached uvicorn-0.29.0-py3-none-any.whl (60 kB)
Using cached fastapi-0.115.8-py3-none-any.whl (94 kB)
Using cached python_multipart-0.0.20-py3-none-any.whl (24 kB)
Using cached typing_extensions-4.12.2-py3-none-any.whl (37 kB)
Using cached loguru-0.7.3-py3-none-any.whl (61 kB)
Using cached pydantic-1.10.21-cp312-cp312-manylinux_2_17_x86_64.manylinux2014_x86_64.whl (3.0 MB)
Using cached pytest-7.4.4-py3-none-any.whl (325 kB)
Using cached requests-2.32.3-py3-none-any.whl (64 kB)
Using cached httpx-0.28.1-py3-none-any.whl (73 kB)
Using cached httpcore-1.0.7-py3-none-any.whl (78 kB)
Using cached certifi-2025.1.31-py3-none-any.whl (166 kB)
Using cached charset_normalizer-3.4.1-cp312-cp312-manylinux_2_17_x86_64.manylinux2014_x86_64.whl (145 kB)
Using cached click-8.1.8-py3-none-any.whl (98 kB)
Using cached feature_engine-1.6.2-py2.py3-none-any.whl (328 kB)
Using cached h11-0.14.0-py3-none-any.whl (58 kB)
Using cached idna-3.10-py3-none-any.whl (70 kB)
Using cached joblib-1.4.2-py3-none-any.whl (301 kB)
Using cached numpy-1.26.4-cp312-cp312-manylinux_2_17_x86_64.manylinux2014_x86_64.whl (18.0 MB)
Using cached pandas-2.2.3-cp312-cp312-manylinux_2_17_x86_64.manylinux2014_x86_64.whl (12.7 MB)
Using cached pluggy-1.5.0-py3-none-any.whl (20 kB)
Using cached scikit_learn-1.3.2-cp312-cp312-manylinux_2_17_x86_64.manylinux2014_x86_64.whl (10.8 MB)
Using cached starlette-0.45.3-py3-none-any.whl (71 kB)
Using cached anyio-4.8.0-py3-none-any.whl (96 kB)
Using cached strictyaml-1.7.3-py3-none-any.whl (123 kB)
Using cached urllib3-2.3.0-py3-none-any.whl (128 kB)
Using cached iniconfig-2.0.0-py3-none-any.whl (5.9 kB)
Using cached packaging-24.2-py3-none-any.whl (65 kB)
Using cached python_dateutil-2.9.0.post0-py2.py3-none-any.whl (229 kB)
Using cached pytz-2025.1-py2.py3-none-any.whl (507 kB)
Using cached scipy-1.15.2-cp312-cp312-manylinux_2_17_x86_64.manylinux2014_x86_64.whl (37.3 MB)
Using cached sniffio-1.3.1-py3-none-any.whl (10 kB)
Using cached statsmodels-0.14.4-cp312-cp312-manylinux_2_17_x86_64.manylinux2014_x86_64.whl (10.7 MB)
Using cached threadpoolctl-3.5.0-py3-none-any.whl (18 kB)
Using cached tzdata-2025.1-py2.py3-none-any.whl (346 kB)
Using cached patsy-1.0.1-py2.py3-none-any.whl (232 kB)
Using cached six-1.17.0-py2.py3-none-any.whl (11 kB)
Installing collected packages: pytz, urllib3, tzdata, typing_extensions, threadpoolctl, sniffio, six, python-multipart, pluggy, packaging, numpy, loguru, joblib, iniconfig, idna, h11, click, charset-normalizer, certifi, uvicorn, scipy, requests, python-dateutil, pytest, pydantic, patsy, httpcore, anyio, strictyaml, starlette, scikit-learn, pandas, httpx, statsmodels, fastapi, feature-engine, model-abandono
Successfully installed anyio-4.8.0 certifi-2025.1.31 charset-normalizer-3.4.1 click-8.1.8 fastapi-0.115.8 feature-engine-1.6.2 h11-0.14.0 httpcore-1.0.7 httpx-0.28.1 idna-3.10 iniconfig-2.0.0 joblib-1.4.2 loguru-0.7.3 model-abandono-0.0.2 numpy-1.26.4 packaging-24.2 pandas-2.2.3 patsy-1.0.1 pluggy-1.5.0 pydantic-1.10.21 pytest-7.4.4 python-dateutil-2.9.0.post0 python-multipart-0.0.20 pytz-2025.1 requests-2.32.3 scikit-learn-1.3.2 scipy-1.15.2 six-1.17.0 sniffio-1.3.1 starlette-0.45.3 statsmodels-0.14.4 strictyaml-1.7.3 threadpoolctl-3.5.0 typing_extensions-4.12.2 tzdata-2025.1 urllib3-2.3.0 uvicorn-0.29.0
